stdio    D         file_stdio.c:110  file_stdio_fopen                 [   0.00000] opening C:\Users\kuoan\OneDrive\Desktop\Final pro\Group50_Project\allegro5.cfg r
system   D            wsystem.c:874  _al_win_safe_load_library        [   0.00000] PathFindOnPath found: C:\Windows\system32\shcore.dll
system   D            wsystem.c:780  load_library_at_path             [   0.00000] Calling LoadLibrary C:\Windows\system32\shcore.dll
system   I            wsystem.c:783  load_library_at_path             [   0.00000] Loaded C:\Windows\system32\shcore.dll
system   I             system.c:271  al_install_system                [   0.00000] Allegro version: 5.2.7
audio-dsound I           dsound.cpp:271  _dsound_open                     [   0.00029] Starting DirectSound...
audio-dsound D           dsound.cpp:280  _dsound_open                     [   0.18402] DirectSoundCreate8 succeeded
audio-dsound I           dsound.cpp:73   get_window                       [   0.18410] Using desktop window: 000000000001000c
audio    I              audio.c:347  do_install_audio                 [   0.18416] Using DirectSound driver
audio-dsound D           dsound.cpp:311  _dsound_allocate_voice           [   0.18421] Allocating voice
audio-dsound D           dsound.cpp:370  _dsound_allocate_voice           [   0.18422] Allocated voice
dtor     D               dtor.c:196  _al_register_destructor          [   0.18424] added dtor for voice 0000000002b86e50, func 00007ffd680f5024
dtor     D               dtor.c:196  _al_register_destructor          [   0.18425] added dtor for mixer 00000000012a9a00, func 00007ffd680f04dc
audio-dsound D           dsound.cpp:466  _dsound_start_voice              [   0.18427] Starting voice
audio-dsound D           dsound.cpp:494  _dsound_start_voice              [   0.18428] CreateSoundBuffer
audio-dsound D           dsound.cpp:502  _dsound_start_voice              [   0.20080] CreateSoundBuffer succeeded
audio-dsound D           dsound.cpp:508  _dsound_start_voice              [   0.20090] Starting _dsound_update thread
audio-dsound I           dsound.cpp:518  _dsound_start_voice              [   0.20099] Voice started
dtor     D               dtor.c:196  _al_register_destructor          [   0.20101] added dtor for sample_instance 00000000012a9c70, func 00007ffd680e929b
audio    D          kcm_mixer.c:121  _al_rechannel_matrix             [   0.20103] sample matrix:
audio    D          kcm_mixer.c:127  _al_rechannel_matrix             [   0.20104] 
audio    D          kcm_mixer.c:127  _al_rechannel_matrix             [   0.20105] 
dtor     D               dtor.c:196  _al_register_destructor          [   0.20107] added dtor for sample_instance 00000000012a9d90, func 00007ffd680e929b
audio    D          kcm_mixer.c:121  _al_rechannel_matrix             [   0.20108] sample matrix:
audio    D          kcm_mixer.c:127  _al_rechannel_matrix             [   0.20109] 
audio    D          kcm_mixer.c:127  _al_rechannel_matrix             [   0.20110] 
dtor     D               dtor.c:196  _al_register_destructor          [   0.20111] added dtor for sample_instance 00000000012aaff0, func 00007ffd680e929b
audio    D          kcm_mixer.c:121  _al_rechannel_matrix             [   0.20112] sample matrix:
audio    D          kcm_mixer.c:127  _al_rechannel_matrix             [   0.20113] 
audio    D          kcm_mixer.c:127  _al_rechannel_matrix             [   0.20114] 
dtor     D               dtor.c:196  _al_register_destructor          [   0.20116] added dtor for sample_instance 00000000012aad00, func 00007ffd680e929b
audio    D          kcm_mixer.c:121  _al_rechannel_matrix             [   0.20123] sample matrix:
audio    D          kcm_mixer.c:127  _al_rechannel_matrix             [   0.20125] 
audio    D          kcm_mixer.c:127  _al_rechannel_matrix             [   0.20126] 
dtor     D               dtor.c:196  _al_register_destructor          [   0.20128] added dtor for sample_instance 00000000012aae20, func 00007ffd680e929b
audio    D          kcm_mixer.c:121  _al_rechannel_matrix             [   0.20129] sample matrix:
audio    D          kcm_mixer.c:127  _al_rechannel_matrix             [   0.20137] 
audio    D          kcm_mixer.c:127  _al_rechannel_matrix             [   0.20138] 
dtor     D               dtor.c:196  _al_register_destructor          [   0.20139] added dtor for sample_instance 0000000002b94000, func 00007ffd680e929b
audio    D          kcm_mixer.c:121  _al_rechannel_matrix             [   0.20140] sample matrix:
audio    D          kcm_mixer.c:127  _al_rechannel_matrix             [   0.20141] 
audio    D          kcm_mixer.c:127  _al_rechannel_matrix             [   0.20142] 
dtor     D               dtor.c:196  _al_register_destructor          [   0.20143] added dtor for sample_instance 0000000002b94120, func 00007ffd680e929b
audio    D          kcm_mixer.c:121  _al_rechannel_matrix             [   0.20143] sample matrix:
audio    D          kcm_mixer.c:127  _al_rechannel_matrix             [   0.20144] 
audio    D          kcm_mixer.c:127  _al_rechannel_matrix             [   0.20145] 
dtor     D               dtor.c:196  _al_register_destructor          [   0.20147] added dtor for sample_instance 0000000002b94240, func 00007ffd680e929b
audio    D          kcm_mixer.c:121  _al_rechannel_matrix             [   0.20149] sample matrix:
audio    D          kcm_mixer.c:127  _al_rechannel_matrix             [   0.20150] 
audio    D          kcm_mixer.c:127  _al_rechannel_matrix             [   0.20151] 
dtor     D               dtor.c:196  _al_register_destructor          [   0.20153] added dtor for sample_instance 0000000002b94470, func 00007ffd680e929b
audio    D          kcm_mixer.c:121  _al_rechannel_matrix             [   0.20154] sample matrix:
audio    D          kcm_mixer.c:127  _al_rechannel_matrix             [   0.20155] 
audio    D          kcm_mixer.c:127  _al_rechannel_matrix             [   0.20156] 
dtor     D               dtor.c:196  _al_register_destructor          [   0.20157] added dtor for sample_instance 0000000002b94590, func 00007ffd680e929b
audio    D          kcm_mixer.c:121  _al_rechannel_matrix             [   0.20158] sample matrix:
audio    D          kcm_mixer.c:127  _al_rechannel_matrix             [   0.20159] 
audio    D          kcm_mixer.c:127  _al_rechannel_matrix             [   0.20160] 
dtor     D               dtor.c:196  _al_register_destructor          [   0.20161] added dtor for sample_instance 0000000002b946b0, func 00007ffd680e929b
audio    D          kcm_mixer.c:121  _al_rechannel_matrix             [   0.20162] sample matrix:
audio    D          kcm_mixer.c:127  _al_rechannel_matrix             [   0.20163] 
audio    D          kcm_mixer.c:127  _al_rechannel_matrix             [   0.20164] 
dtor     D               dtor.c:196  _al_register_destructor          [   0.20165] added dtor for sample_instance 0000000002b94be0, func 00007ffd680e929b
audio    D          kcm_mixer.c:121  _al_rechannel_matrix             [   0.20165] sample matrix:
audio    D          kcm_mixer.c:127  _al_rechannel_matrix             [   0.20166] 
audio    D          kcm_mixer.c:127  _al_rechannel_matrix             [   0.20168] 
dtor     D               dtor.c:196  _al_register_destructor          [   0.20169] added dtor for sample_instance 0000000002b94d00, func 00007ffd680e929b
audio    D          kcm_mixer.c:121  _al_rechannel_matrix             [   0.20170] sample matrix:
audio    D          kcm_mixer.c:127  _al_rechannel_matrix             [   0.20171] 
audio    D          kcm_mixer.c:127  _al_rechannel_matrix             [   0.20172] 
dtor     D               dtor.c:196  _al_register_destructor          [   0.20173] added dtor for sample_instance 0000000002b94e20, func 00007ffd680e929b
audio    D          kcm_mixer.c:121  _al_rechannel_matrix             [   0.20173] sample matrix:
audio    D          kcm_mixer.c:127  _al_rechannel_matrix             [   0.20174] 
audio    D          kcm_mixer.c:127  _al_rechannel_matrix             [   0.20175] 
dtor     D               dtor.c:196  _al_register_destructor          [   0.20176] added dtor for sample_instance 00000000012ab420, func 00007ffd680e929b
audio    D          kcm_mixer.c:121  _al_rechannel_matrix             [   0.20177] sample matrix:
audio    D          kcm_mixer.c:127  _al_rechannel_matrix             [   0.20178] 
audio    D          kcm_mixer.c:127  _al_rechannel_matrix             [   0.20179] 
dtor     D               dtor.c:196  _al_register_destructor          [   0.20180] added dtor for sample_instance 00000000012ac310, func 00007ffd680e929b
audio    D          kcm_mixer.c:121  _al_rechannel_matrix             [   0.20181] sample matrix:
audio    D          kcm_mixer.c:127  _al_rechannel_matrix             [   0.20182] 
audio    D          kcm_mixer.c:127  _al_rechannel_matrix             [   0.20183] 
dtor     D               dtor.c:196  _al_register_destructor          [   0.20184] added dtor for sample_instance 00000000012abfb0, func 00007ffd680e929b
audio    D          kcm_mixer.c:121  _al_rechannel_matrix             [   0.20186] sample matrix:
audio    D          kcm_mixer.c:127  _al_rechannel_matrix             [   0.20187] 
audio    D          kcm_mixer.c:127  _al_rechannel_matrix             [   0.20188] 
dtor     D               dtor.c:196  _al_register_destructor          [   0.20189] added dtor for sample_instance 00000000012abc50, func 00007ffd680e929b
audio    D          kcm_mixer.c:121  _al_rechannel_matrix             [   0.20190] sample matrix:
audio    D          kcm_mixer.c:127  _al_rechannel_matrix             [   0.20191] 
audio    D          kcm_mixer.c:127  _al_rechannel_matrix             [   0.20192] 
dtor     D               dtor.c:196  _al_register_destructor          [   0.20193] added dtor for sample_instance 00000000012ab7d0, func 00007ffd680e929b
audio    D          kcm_mixer.c:121  _al_rechannel_matrix             [   0.20194] sample matrix:
audio    D          kcm_mixer.c:127  _al_rechannel_matrix             [   0.20194] 
audio    D          kcm_mixer.c:127  _al_rechannel_matrix             [   0.20195] 
dtor     D               dtor.c:196  _al_register_destructor          [   0.20196] added dtor for sample_instance 00000000012ab6b0, func 00007ffd680e929b
audio    D          kcm_mixer.c:121  _al_rechannel_matrix             [   0.20197] sample matrix:
audio    D          kcm_mixer.c:127  _al_rechannel_matrix             [   0.20198] 
audio    D          kcm_mixer.c:127  _al_rechannel_matrix             [   0.20199] 
system   D            wsystem.c:874  _al_win_safe_load_library        [   0.20215] PathFindOnPath found: C:\Windows\system32\d3d9.dll
system   D            wsystem.c:780  load_library_at_path             [   0.20217] Calling LoadLibrary C:\Windows\system32\d3d9.dll
system   I            wsystem.c:783  load_library_at_path             [   0.20330] Loaded C:\Windows\system32\d3d9.dll
d3d      I         d3d_disp.cpp:684  d3d_init_display                 [   0.23602] Render-to-texture: 1
d3d      I         d3d_disp.cpp:1782 d3d_create_display_locked        [   0.23651] faux_fullscreen=0
d3d      D         d3d_disp.cpp:1783 d3d_create_display_locked        [   0.23654] al_display=00000000012ad410
d3d      D         d3d_disp.cpp:1784 d3d_create_display_locked        [   0.23655] al_display->vt=00000000012ad2a0
d3d      I d3d_display_formats.cpp:144  _al_d3d_generate_display_format_list [   0.24554] found 192 format combinations
display  D   display_settings.c:212  debug_display_settings           [   0.24560] color: 32 (rgba 8880), depth: 0, stencil: 0, acc: 0000, samples: 0/0
display  D   display_settings.c:527  _al_score_display_settings       [   0.24562] Score is : 897
display  D   display_settings.c:212  debug_display_settings           [   0.24563] color: 32 (rgba 8880), depth: 0, stencil: 0, acc: 0000, samples: 0/0
display  D   display_settings.c:527  _al_score_display_settings       [   0.24564] Score is : 897
display  D   display_settings.c:212  debug_display_settings           [   0.24565] color: 32 (rgba 8880), depth: 0, stencil: 0, acc: 0000, samples: 2/1
display  D   display_settings.c:527  _al_score_display_settings       [   0.24566] Score is : 726
display  D   display_settings.c:212  debug_display_settings           [   0.24567] color: 32 (rgba 8880), depth: 0, stencil: 0, acc: 0000, samples: 3/1
display  D   display_settings.c:527  _al_score_display_settings       [   0.24568] Score is : 721
display  D   display_settings.c:212  debug_display_settings           [   0.24569] color: 32 (rgba 8880), depth: 0, stencil: 0, acc: 0000, samples: 4/1
display  D   display_settings.c:527  _al_score_display_settings       [   0.24570] Score is : 717
display  D   display_settings.c:212  debug_display_settings           [   0.24570] color: 32 (rgba 8880), depth: 0, stencil: 0, acc: 0000, samples: 5/1
display  D   display_settings.c:527  _al_score_display_settings       [   0.24571] Score is : 715
display  D   display_settings.c:212  debug_display_settings           [   0.24572] color: 32 (rgba 8880), depth: 24, stencil: 8, acc: 0000, samples: 0/0
display  D   display_settings.c:527  _al_score_display_settings       [   0.24573] Score is : 897
display  D   display_settings.c:212  debug_display_settings           [   0.24574] color: 32 (rgba 8880), depth: 24, stencil: 8, acc: 0000, samples: 0/0
display  D   display_settings.c:527  _al_score_display_settings       [   0.24575] Score is : 897
display  D   display_settings.c:212  debug_display_settings           [   0.24576] color: 32 (rgba 8880), depth: 24, stencil: 8, acc: 0000, samples: 2/1
display  D   display_settings.c:527  _al_score_display_settings       [   0.24577] Score is : 726
display  D   display_settings.c:212  debug_display_settings           [   0.24578] color: 32 (rgba 8880), depth: 24, stencil: 8, acc: 0000, samples: 3/1
display  D   display_settings.c:527  _al_score_display_settings       [   0.24579] Score is : 721
display  D   display_settings.c:212  debug_display_settings           [   0.24579] color: 32 (rgba 8880), depth: 24, stencil: 8, acc: 0000, samples: 4/1
display  D   display_settings.c:527  _al_score_display_settings       [   0.24580] Score is : 717
display  D   display_settings.c:212  debug_display_settings           [   0.24581] color: 32 (rgba 8880), depth: 24, stencil: 8, acc: 0000, samples: 5/1
display  D   display_settings.c:527  _al_score_display_settings       [   0.24582] Score is : 715
display  D   display_settings.c:212  debug_display_settings           [   0.24583] color: 32 (rgba 8880), depth: 24, stencil: 0, acc: 0000, samples: 0/0
display  D   display_settings.c:527  _al_score_display_settings       [   0.24584] Score is : 897
display  D   display_settings.c:212  debug_display_settings           [   0.24585] color: 32 (rgba 8880), depth: 24, stencil: 0, acc: 0000, samples: 0/0
display  D   display_settings.c:527  _al_score_display_settings       [   0.24586] Score is : 897
display  D   display_settings.c:212  debug_display_settings           [   0.24587] color: 32 (rgba 8880), depth: 24, stencil: 0, acc: 0000, samples: 2/1
display  D   display_settings.c:527  _al_score_display_settings       [   0.24588] Score is : 726
display  D   display_settings.c:212  debug_display_settings           [   0.24589] color: 32 (rgba 8880), depth: 24, stencil: 0, acc: 0000, samples: 3/1
display  D   display_settings.c:527  _al_score_display_settings       [   0.24590] Score is : 721
display  D   display_settings.c:212  debug_display_settings           [   0.24590] color: 32 (rgba 8880), depth: 24, stencil: 0, acc: 0000, samples: 4/1
display  D   display_settings.c:527  _al_score_display_settings       [   0.24591] Score is : 717
display  D   display_settings.c:212  debug_display_settings           [   0.24592] color: 32 (rgba 8880), depth: 24, stencil: 0, acc: 0000, samples: 5/1
display  D   display_settings.c:527  _al_score_display_settings       [   0.24593] Score is : 715
display  D   display_settings.c:212  debug_display_settings           [   0.24594] color: 32 (rgba 8880), depth: 16, stencil: 0, acc: 0000, samples: 0/0
display  D   display_settings.c:527  _al_score_display_settings       [   0.24595] Score is : 897
display  D   display_settings.c:212  debug_display_settings           [   0.24601] color: 32 (rgba 8880), depth: 16, stencil: 0, acc: 0000, samples: 0/0
display  D   display_settings.c:527  _al_score_display_settings       [   0.24602] Score is : 897
display  D   display_settings.c:212  debug_display_settings           [   0.24603] color: 32 (rgba 8880), depth: 16, stencil: 0, acc: 0000, samples: 2/1
display  D   display_settings.c:527  _al_score_display_settings       [   0.24604] Score is : 726
display  D   display_settings.c:212  debug_display_settings           [   0.24605] color: 32 (rgba 8880), depth: 16, stencil: 0, acc: 0000, samples: 3/1
display  D   display_settings.c:527  _al_score_display_settings       [   0.24606] Score is : 721
display  D   display_settings.c:212  debug_display_settings           [   0.24607] color: 32 (rgba 8880), depth: 16, stencil: 0, acc: 0000, samples: 4/1
display  D   display_settings.c:527  _al_score_display_settings       [   0.24608] Score is : 717
display  D   display_settings.c:212  debug_display_settings           [   0.24609] color: 32 (rgba 8880), depth: 16, stencil: 0, acc: 0000, samples: 5/1
display  D   display_settings.c:527  _al_score_display_settings       [   0.24610] Score is : 715
display  D   display_settings.c:212  debug_display_settings           [   0.24610] color: 16 (rgba 5650), depth: 0, stencil: 0, acc: 0000, samples: 0/0
display  D   display_settings.c:527  _al_score_display_settings       [   0.24611] Score is : 897
display  D   display_settings.c:212  debug_display_settings           [   0.24612] color: 16 (rgba 5650), depth: 0, stencil: 0, acc: 0000, samples: 0/0
display  D   display_settings.c:527  _al_score_display_settings       [   0.24613] Score is : 897
display  D   display_settings.c:212  debug_display_settings           [   0.24614] color: 16 (rgba 5650), depth: 0, stencil: 0, acc: 0000, samples: 2/1
display  D   display_settings.c:527  _al_score_display_settings       [   0.24615] Score is : 726
display  D   display_settings.c:212  debug_display_settings           [   0.24616] color: 16 (rgba 5650), depth: 0, stencil: 0, acc: 0000, samples: 3/1
display  D   display_settings.c:527  _al_score_display_settings       [   0.24616] Score is : 721
display  D   display_settings.c:212  debug_display_settings           [   0.24617] color: 16 (rgba 5650), depth: 0, stencil: 0, acc: 0000, samples: 4/1
display  D   display_settings.c:527  _al_score_display_settings       [   0.24618] Score is : 717
display  D   display_settings.c:212  debug_display_settings           [   0.24619] color: 16 (rgba 5650), depth: 0, stencil: 0, acc: 0000, samples: 5/1
display  D   display_settings.c:527  _al_score_display_settings       [   0.24620] Score is : 715
display  D   display_settings.c:212  debug_display_settings           [   0.24621] color: 16 (rgba 5650), depth: 24, stencil: 8, acc: 0000, samples: 0/0
display  D   display_settings.c:527  _al_score_display_settings       [   0.24622] Score is : 897
display  D   display_settings.c:212  debug_display_settings           [   0.24623] color: 16 (rgba 5650), depth: 24, stencil: 8, acc: 0000, samples: 0/0
display  D   display_settings.c:527  _al_score_display_settings       [   0.24624] Score is : 897
display  D   display_settings.c:212  debug_display_settings           [   0.24625] color: 16 (rgba 5650), depth: 24, stencil: 8, acc: 0000, samples: 2/1
display  D   display_settings.c:527  _al_score_display_settings       [   0.24626] Score is : 726
display  D   display_settings.c:212  debug_display_settings           [   0.24627] color: 16 (rgba 5650), depth: 24, stencil: 8, acc: 0000, samples: 3/1
display  D   display_settings.c:527  _al_score_display_settings       [   0.24628] Score is : 721
display  D   display_settings.c:212  debug_display_settings           [   0.24629] color: 16 (rgba 5650), depth: 24, stencil: 8, acc: 0000, samples: 4/1
display  D   display_settings.c:527  _al_score_display_settings       [   0.24630] Score is : 717
display  D   display_settings.c:212  debug_display_settings           [   0.24631] color: 16 (rgba 5650), depth: 24, stencil: 8, acc: 0000, samples: 5/1
display  D   display_settings.c:527  _al_score_display_settings       [   0.24632] Score is : 715
display  D   display_settings.c:212  debug_display_settings           [   0.24633] color: 16 (rgba 5650), depth: 24, stencil: 0, acc: 0000, samples: 0/0
display  D   display_settings.c:527  _al_score_display_settings       [   0.24634] Score is : 897
display  D   display_settings.c:212  debug_display_settings           [   0.24635] color: 16 (rgba 5650), depth: 24, stencil: 0, acc: 0000, samples: 0/0
display  D   display_settings.c:527  _al_score_display_settings       [   0.24636] Score is : 897
display  D   display_settings.c:212  debug_display_settings           [   0.24637] color: 16 (rgba 5650), depth: 24, stencil: 0, acc: 0000, samples: 2/1
display  D   display_settings.c:527  _al_score_display_settings       [   0.24638] Score is : 726
display  D   display_settings.c:212  debug_display_settings           [   0.24639] color: 16 (rgba 5650), depth: 24, stencil: 0, acc: 0000, samples: 3/1
display  D   display_settings.c:527  _al_score_display_settings       [   0.24640] Score is : 721
display  D   display_settings.c:212  debug_display_settings           [   0.24640] color: 16 (rgba 5650), depth: 24, stencil: 0, acc: 0000, samples: 4/1
display  D   display_settings.c:527  _al_score_display_settings       [   0.24641] Score is : 717
display  D   display_settings.c:212  debug_display_settings           [   0.24642] color: 16 (rgba 5650), depth: 24, stencil: 0, acc: 0000, samples: 5/1
display  D   display_settings.c:527  _al_score_display_settings       [   0.24643] Score is : 715
display  D   display_settings.c:212  debug_display_settings           [   0.24644] color: 16 (rgba 5650), depth: 16, stencil: 0, acc: 0000, samples: 0/0
display  D   display_settings.c:527  _al_score_display_settings       [   0.24645] Score is : 897
display  D   display_settings.c:212  debug_display_settings           [   0.24646] color: 16 (rgba 5650), depth: 16, stencil: 0, acc: 0000, samples: 0/0
display  D   display_settings.c:527  _al_score_display_settings       [   0.24647] Score is : 897
display  D   display_settings.c:212  debug_display_settings           [   0.24647] color: 16 (rgba 5650), depth: 16, stencil: 0, acc: 0000, samples: 2/1
display  D   display_settings.c:527  _al_score_display_settings       [   0.24648] Score is : 726
display  D   display_settings.c:212  debug_display_settings           [   0.24649] color: 16 (rgba 5650), depth: 16, stencil: 0, acc: 0000, samples: 3/1
display  D   display_settings.c:527  _al_score_display_settings       [   0.24650] Score is : 721
display  D   display_settings.c:212  debug_display_settings           [   0.24651] color: 16 (rgba 5650), depth: 16, stencil: 0, acc: 0000, samples: 4/1
display  D   display_settings.c:527  _al_score_display_settings       [   0.24652] Score is : 717
display  D   display_settings.c:212  debug_display_settings           [   0.24653] color: 16 (rgba 5650), depth: 16, stencil: 0, acc: 0000, samples: 5/1
display  D   display_settings.c:527  _al_score_display_settings       [   0.24654] Score is : 715
display  D   display_settings.c:212  debug_display_settings           [   0.24654] color: 32 (rgba 8880), depth: 0, stencil: 0, acc: 0000, samples: 0/0
display  D   display_settings.c:398  _al_score_display_settings       [   0.24655] Single Buffer requirement not met.
display  D   display_settings.c:212  debug_display_settings           [   0.24656] color: 32 (rgba 8880), depth: 0, stencil: 0, acc: 0000, samples: 0/0
display  D   display_settings.c:398  _al_score_display_settings       [   0.24657] Single Buffer requirement not met.
display  D   display_settings.c:212  debug_display_settings           [   0.24658] color: 32 (rgba 8880), depth: 0, stencil: 0, acc: 0000, samples: 2/1
display  D   display_settings.c:398  _al_score_display_settings       [   0.24659] Single Buffer requirement not met.
display  D   display_settings.c:212  debug_display_settings           [   0.24660] color: 32 (rgba 8880), depth: 0, stencil: 0, acc: 0000, samples: 3/1
display  D   display_settings.c:398  _al_score_display_settings       [   0.24661] Single Buffer requirement not met.
display  D   display_settings.c:212  debug_display_settings           [   0.24662] color: 32 (rgba 8880), depth: 0, stencil: 0, acc: 0000, samples: 4/1
display  D   display_settings.c:398  _al_score_display_settings       [   0.24663] Single Buffer requirement not met.
display  D   display_settings.c:212  debug_display_settings           [   0.24664] color: 32 (rgba 8880), depth: 0, stencil: 0, acc: 0000, samples: 5/1
display  D   display_settings.c:398  _al_score_display_settings       [   0.24665] Single Buffer requirement not met.
display  D   display_settings.c:212  debug_display_settings           [   0.24666] color: 32 (rgba 8880), depth: 24, stencil: 8, acc: 0000, samples: 0/0
display  D   display_settings.c:398  _al_score_display_settings       [   0.24667] Single Buffer requirement not met.
display  D   display_settings.c:212  debug_display_settings           [   0.24668] color: 32 (rgba 8880), depth: 24, stencil: 8, acc: 0000, samples: 0/0
display  D   display_settings.c:398  _al_score_display_settings       [   0.24669] Single Buffer requirement not met.
display  D   display_settings.c:212  debug_display_settings           [   0.24670] color: 32 (rgba 8880), depth: 24, stencil: 8, acc: 0000, samples: 2/1
display  D   display_settings.c:398  _al_score_display_settings       [   0.24671] Single Buffer requirement not met.
display  D   display_settings.c:212  debug_display_settings           [   0.24671] color: 32 (rgba 8880), depth: 24, stencil: 8, acc: 0000, samples: 3/1
display  D   display_settings.c:398  _al_score_display_settings       [   0.24672] Single Buffer requirement not met.
display  D   display_settings.c:212  debug_display_settings           [   0.24673] color: 32 (rgba 8880), depth: 24, stencil: 8, acc: 0000, samples: 4/1
display  D   display_settings.c:398  _al_score_display_settings       [   0.24674] Single Buffer requirement not met.
display  D   display_settings.c:212  debug_display_settings           [   0.24675] color: 32 (rgba 8880), depth: 24, stencil: 8, acc: 0000, samples: 5/1
display  D   display_settings.c:398  _al_score_display_settings       [   0.24676] Single Buffer requirement not met.
display  D   display_settings.c:212  debug_display_settings           [   0.24677] color: 32 (rgba 8880), depth: 24, stencil: 0, acc: 0000, samples: 0/0
display  D   display_settings.c:398  _al_score_display_settings       [   0.24678] Single Buffer requirement not met.
display  D   display_settings.c:212  debug_display_settings           [   0.24679] color: 32 (rgba 8880), depth: 24, stencil: 0, acc: 0000, samples: 0/0
display  D   display_settings.c:398  _al_score_display_settings       [   0.24679] Single Buffer requirement not met.
display  D   display_settings.c:212  debug_display_settings           [   0.24680] color: 32 (rgba 8880), depth: 24, stencil: 0, acc: 0000, samples: 2/1
display  D   display_settings.c:398  _al_score_display_settings       [   0.24681] Single Buffer requirement not met.
display  D   display_settings.c:212  debug_display_settings           [   0.24682] color: 32 (rgba 8880), depth: 24, stencil: 0, acc: 0000, samples: 3/1
display  D   display_settings.c:398  _al_score_display_settings       [   0.24683] Single Buffer requirement not met.
display  D   display_settings.c:212  debug_display_settings           [   0.24684] color: 32 (rgba 8880), depth: 24, stencil: 0, acc: 0000, samples: 4/1
display  D   display_settings.c:398  _al_score_display_settings       [   0.24685] Single Buffer requirement not met.
display  D   display_settings.c:212  debug_display_settings           [   0.24686] color: 32 (rgba 8880), depth: 24, stencil: 0, acc: 0000, samples: 5/1
display  D   display_settings.c:398  _al_score_display_settings       [   0.24687] Single Buffer requirement not met.
display  D   display_settings.c:212  debug_display_settings           [   0.24688] color: 32 (rgba 8880), depth: 16, stencil: 0, acc: 0000, samples: 0/0
display  D   display_settings.c:398  _al_score_display_settings       [   0.24689] Single Buffer requirement not met.
display  D   display_settings.c:212  debug_display_settings           [   0.24690] color: 32 (rgba 8880), depth: 16, stencil: 0, acc: 0000, samples: 0/0
display  D   display_settings.c:398  _al_score_display_settings       [   0.24691] Single Buffer requirement not met.
display  D   display_settings.c:212  debug_display_settings           [   0.24692] color: 32 (rgba 8880), depth: 16, stencil: 0, acc: 0000, samples: 2/1
display  D   display_settings.c:398  _al_score_display_settings       [   0.24693] Single Buffer requirement not met.
display  D   display_settings.c:212  debug_display_settings           [   0.24694] color: 32 (rgba 8880), depth: 16, stencil: 0, acc: 0000, samples: 3/1
display  D   display_settings.c:398  _al_score_display_settings       [   0.24695] Single Buffer requirement not met.
display  D   display_settings.c:212  debug_display_settings           [   0.24696] color: 32 (rgba 8880), depth: 16, stencil: 0, acc: 0000, samples: 4/1
display  D   display_settings.c:398  _al_score_display_settings       [   0.24697] Single Buffer requirement not met.
display  D   display_settings.c:212  debug_display_settings           [   0.24698] color: 32 (rgba 8880), depth: 16, stencil: 0, acc: 0000, samples: 5/1
display  D   display_settings.c:398  _al_score_display_settings       [   0.24699] Single Buffer requirement not met.
display  D   display_settings.c:212  debug_display_settings           [   0.24699] color: 16 (rgba 5650), depth: 0, stencil: 0, acc: 0000, samples: 0/0
display  D   display_settings.c:398  _al_score_display_settings       [   0.24700] Single Buffer requirement not met.
display  D   display_settings.c:212  debug_display_settings           [   0.24701] color: 16 (rgba 5650), depth: 0, stencil: 0, acc: 0000, samples: 0/0
display  D   display_settings.c:398  _al_score_display_settings       [   0.24702] Single Buffer requirement not met.
display  D   display_settings.c:212  debug_display_settings           [   0.24703] color: 16 (rgba 5650), depth: 0, stencil: 0, acc: 0000, samples: 2/1
display  D   display_settings.c:398  _al_score_display_settings       [   0.24704] Single Buffer requirement not met.
display  D   display_settings.c:212  debug_display_settings           [   0.24705] color: 16 (rgba 5650), depth: 0, stencil: 0, acc: 0000, samples: 3/1
display  D   display_settings.c:398  _al_score_display_settings       [   0.24706] Single Buffer requirement not met.
display  D   display_settings.c:212  debug_display_settings           [   0.24706] color: 16 (rgba 5650), depth: 0, stencil: 0, acc: 0000, samples: 4/1
display  D   display_settings.c:398  _al_score_display_settings       [   0.24707] Single Buffer requirement not met.
display  D   display_settings.c:212  debug_display_settings           [   0.24709] color: 16 (rgba 5650), depth: 0, stencil: 0, acc: 0000, samples: 5/1
display  D   display_settings.c:398  _al_score_display_settings       [   0.24710] Single Buffer requirement not met.
display  D   display_settings.c:212  debug_display_settings           [   0.24710] color: 16 (rgba 5650), depth: 24, stencil: 8, acc: 0000, samples: 0/0
display  D   display_settings.c:398  _al_score_display_settings       [   0.24711] Single Buffer requirement not met.
display  D   display_settings.c:212  debug_display_settings           [   0.24713] color: 16 (rgba 5650), depth: 24, stencil: 8, acc: 0000, samples: 0/0
display  D   display_settings.c:398  _al_score_display_settings       [   0.24713] Single Buffer requirement not met.
display  D   display_settings.c:212  debug_display_settings           [   0.24714] color: 16 (rgba 5650), depth: 24, stencil: 8, acc: 0000, samples: 2/1
display  D   display_settings.c:398  _al_score_display_settings       [   0.24715] Single Buffer requirement not met.
display  D   display_settings.c:212  debug_display_settings           [   0.24716] color: 16 (rgba 5650), depth: 24, stencil: 8, acc: 0000, samples: 3/1
display  D   display_settings.c:398  _al_score_display_settings       [   0.24719] Single Buffer requirement not met.
display  D   display_settings.c:212  debug_display_settings           [   0.24720] color: 16 (rgba 5650), depth: 24, stencil: 8, acc: 0000, samples: 4/1
display  D   display_settings.c:398  _al_score_display_settings       [   0.24721] Single Buffer requirement not met.
display  D   display_settings.c:212  debug_display_settings           [   0.24722] color: 16 (rgba 5650), depth: 24, stencil: 8, acc: 0000, samples: 5/1
display  D   display_settings.c:398  _al_score_display_settings       [   0.24723] Single Buffer requirement not met.
display  D   display_settings.c:212  debug_display_settings           [   0.24723] color: 16 (rgba 5650), depth: 24, stencil: 0, acc: 0000, samples: 0/0
display  D   display_settings.c:398  _al_score_display_settings       [   0.24724] Single Buffer requirement not met.
display  D   display_settings.c:212  debug_display_settings           [   0.24725] color: 16 (rgba 5650), depth: 24, stencil: 0, acc: 0000, samples: 0/0
display  D   display_settings.c:398  _al_score_display_settings       [   0.24727] Single Buffer requirement not met.
display  D   display_settings.c:212  debug_display_settings           [   0.24727] color: 16 (rgba 5650), depth: 24, stencil: 0, acc: 0000, samples: 2/1
display  D   display_settings.c:398  _al_score_display_settings       [   0.24728] Single Buffer requirement not met.
display  D   display_settings.c:212  debug_display_settings           [   0.24729] color: 16 (rgba 5650), depth: 24, stencil: 0, acc: 0000, samples: 3/1
display  D   display_settings.c:398  _al_score_display_settings       [   0.24730] Single Buffer requirement not met.
display  D   display_settings.c:212  debug_display_settings           [   0.24731] color: 16 (rgba 5650), depth: 24, stencil: 0, acc: 0000, samples: 4/1
display  D   display_settings.c:398  _al_score_display_settings       [   0.24732] Single Buffer requirement not met.
display  D   display_settings.c:212  debug_display_settings           [   0.24733] color: 16 (rgba 5650), depth: 24, stencil: 0, acc: 0000, samples: 5/1
display  D   display_settings.c:398  _al_score_display_settings       [   0.24734] Single Buffer requirement not met.
display  D   display_settings.c:212  debug_display_settings           [   0.24734] color: 16 (rgba 5650), depth: 16, stencil: 0, acc: 0000, samples: 0/0
display  D   display_settings.c:398  _al_score_display_settings       [   0.24735] Single Buffer requirement not met.
display  D   display_settings.c:212  debug_display_settings           [   0.24736] color: 16 (rgba 5650), depth: 16, stencil: 0, acc: 0000, samples: 0/0
display  D   display_settings.c:398  _al_score_display_settings       [   0.24737] Single Buffer requirement not met.
display  D   display_settings.c:212  debug_display_settings           [   0.24738] color: 16 (rgba 5650), depth: 16, stencil: 0, acc: 0000, samples: 2/1
display  D   display_settings.c:398  _al_score_display_settings       [   0.24739] Single Buffer requirement not met.
display  D   display_settings.c:212  debug_display_settings           [   0.24740] color: 16 (rgba 5650), depth: 16, stencil: 0, acc: 0000, samples: 3/1
display  D   display_settings.c:398  _al_score_display_settings       [   0.24741] Single Buffer requirement not met.
display  D   display_settings.c:212  debug_display_settings           [   0.24742] color: 16 (rgba 5650), depth: 16, stencil: 0, acc: 0000, samples: 4/1
display  D   display_settings.c:398  _al_score_display_settings       [   0.24743] Single Buffer requirement not met.
display  D   display_settings.c:212  debug_display_settings           [   0.24744] color: 16 (rgba 5650), depth: 16, stencil: 0, acc: 0000, samples: 5/1
display  D   display_settings.c:398  _al_score_display_settings       [   0.24745] Single Buffer requirement not met.
display  D   display_settings.c:212  debug_display_settings           [   0.24746] color: 32 (rgba 8880), depth: 0, stencil: 0, acc: 0000, samples: 0/0
display  D   display_settings.c:527  _al_score_display_settings       [   0.24748] Score is : 769
display  D   display_settings.c:212  debug_display_settings           [   0.24749] color: 32 (rgba 8880), depth: 0, stencil: 0, acc: 0000, samples: 0/0
display  D   display_settings.c:527  _al_score_display_settings       [   0.24750] Score is : 769
display  D   display_settings.c:212  debug_display_settings           [   0.24751] color: 32 (rgba 8880), depth: 0, stencil: 0, acc: 0000, samples: 2/1
display  D   display_settings.c:527  _al_score_display_settings       [   0.24752] Score is : 598
display  D   display_settings.c:212  debug_display_settings           [   0.24753] color: 32 (rgba 8880), depth: 0, stencil: 0, acc: 0000, samples: 3/1
display  D   display_settings.c:527  _al_score_display_settings       [   0.24754] Score is : 593
display  D   display_settings.c:212  debug_display_settings           [   0.24755] color: 32 (rgba 8880), depth: 0, stencil: 0, acc: 0000, samples: 4/1
display  D   display_settings.c:527  _al_score_display_settings       [   0.24755] Score is : 589
display  D   display_settings.c:212  debug_display_settings           [   0.24756] color: 32 (rgba 8880), depth: 0, stencil: 0, acc: 0000, samples: 5/1
display  D   display_settings.c:527  _al_score_display_settings       [   0.24757] Score is : 587
display  D   display_settings.c:212  debug_display_settings           [   0.24758] color: 32 (rgba 8880), depth: 24, stencil: 8, acc: 0000, samples: 0/0
display  D   display_settings.c:527  _al_score_display_settings       [   0.24759] Score is : 769
display  D   display_settings.c:212  debug_display_settings           [   0.24760] color: 32 (rgba 8880), depth: 24, stencil: 8, acc: 0000, samples: 0/0
display  D   display_settings.c:527  _al_score_display_settings       [   0.24761] Score is : 769
display  D   display_settings.c:212  debug_display_settings           [   0.24761] color: 32 (rgba 8880), depth: 24, stencil: 8, acc: 0000, samples: 2/1
display  D   display_settings.c:527  _al_score_display_settings       [   0.24762] Score is : 598
display  D   display_settings.c:212  debug_display_settings           [   0.24763] color: 32 (rgba 8880), depth: 24, stencil: 8, acc: 0000, samples: 3/1
display  D   display_settings.c:527  _al_score_display_settings       [   0.24764] Score is : 593
display  D   display_settings.c:212  debug_display_settings           [   0.24765] color: 32 (rgba 8880), depth: 24, stencil: 8, acc: 0000, samples: 4/1
display  D   display_settings.c:527  _al_score_display_settings       [   0.24766] Score is : 589
display  D   display_settings.c:212  debug_display_settings           [   0.24767] color: 32 (rgba 8880), depth: 24, stencil: 8, acc: 0000, samples: 5/1
display  D   display_settings.c:527  _al_score_display_settings       [   0.24768] Score is : 587
display  D   display_settings.c:212  debug_display_settings           [   0.24768] color: 32 (rgba 8880), depth: 24, stencil: 0, acc: 0000, samples: 0/0
display  D   display_settings.c:527  _al_score_display_settings       [   0.24769] Score is : 769
display  D   display_settings.c:212  debug_display_settings           [   0.24770] color: 32 (rgba 8880), depth: 24, stencil: 0, acc: 0000, samples: 0/0
display  D   display_settings.c:527  _al_score_display_settings       [   0.24771] Score is : 769
display  D   display_settings.c:212  debug_display_settings           [   0.24772] color: 32 (rgba 8880), depth: 24, stencil: 0, acc: 0000, samples: 2/1
display  D   display_settings.c:527  _al_score_display_settings       [   0.24773] Score is : 598
display  D   display_settings.c:212  debug_display_settings           [   0.24774] color: 32 (rgba 8880), depth: 24, stencil: 0, acc: 0000, samples: 3/1
display  D   display_settings.c:527  _al_score_display_settings       [   0.24775] Score is : 593
display  D   display_settings.c:212  debug_display_settings           [   0.24776] color: 32 (rgba 8880), depth: 24, stencil: 0, acc: 0000, samples: 4/1
display  D   display_settings.c:527  _al_score_display_settings       [   0.24777] Score is : 589
display  D   display_settings.c:212  debug_display_settings           [   0.24777] color: 32 (rgba 8880), depth: 24, stencil: 0, acc: 0000, samples: 5/1
display  D   display_settings.c:527  _al_score_display_settings       [   0.24778] Score is : 587
display  D   display_settings.c:212  debug_display_settings           [   0.24779] color: 32 (rgba 8880), depth: 16, stencil: 0, acc: 0000, samples: 0/0
display  D   display_settings.c:527  _al_score_display_settings       [   0.24780] Score is : 769
display  D   display_settings.c:212  debug_display_settings           [   0.24781] color: 32 (rgba 8880), depth: 16, stencil: 0, acc: 0000, samples: 0/0
display  D   display_settings.c:527  _al_score_display_settings       [   0.24782] Score is : 769
display  D   display_settings.c:212  debug_display_settings           [   0.24783] color: 32 (rgba 8880), depth: 16, stencil: 0, acc: 0000, samples: 2/1
display  D   display_settings.c:527  _al_score_display_settings       [   0.24784] Score is : 598
display  D   display_settings.c:212  debug_display_settings           [   0.24784] color: 32 (rgba 8880), depth: 16, stencil: 0, acc: 0000, samples: 3/1
display  D   display_settings.c:527  _al_score_display_settings       [   0.24785] Score is : 593
display  D   display_settings.c:212  debug_display_settings           [   0.24786] color: 32 (rgba 8880), depth: 16, stencil: 0, acc: 0000, samples: 4/1
display  D   display_settings.c:527  _al_score_display_settings       [   0.24787] Score is : 589
display  D   display_settings.c:212  debug_display_settings           [   0.24788] color: 32 (rgba 8880), depth: 16, stencil: 0, acc: 0000, samples: 5/1
display  D   display_settings.c:527  _al_score_display_settings       [   0.24789] Score is : 587
display  D   display_settings.c:212  debug_display_settings           [   0.24790] color: 16 (rgba 5650), depth: 0, stencil: 0, acc: 0000, samples: 0/0
display  D   display_settings.c:527  _al_score_display_settings       [   0.24791] Score is : 769
display  D   display_settings.c:212  debug_display_settings           [   0.24792] color: 16 (rgba 5650), depth: 0, stencil: 0, acc: 0000, samples: 0/0
display  D   display_settings.c:527  _al_score_display_settings       [   0.24793] Score is : 769
display  D   display_settings.c:212  debug_display_settings           [   0.24794] color: 16 (rgba 5650), depth: 0, stencil: 0, acc: 0000, samples: 2/1
display  D   display_settings.c:527  _al_score_display_settings       [   0.24795] Score is : 598
display  D   display_settings.c:212  debug_display_settings           [   0.24795] color: 16 (rgba 5650), depth: 0, stencil: 0, acc: 0000, samples: 3/1
display  D   display_settings.c:527  _al_score_display_settings       [   0.24796] Score is : 593
display  D   display_settings.c:212  debug_display_settings           [   0.24797] color: 16 (rgba 5650), depth: 0, stencil: 0, acc: 0000, samples: 4/1
display  D   display_settings.c:527  _al_score_display_settings       [   0.24798] Score is : 589
display  D   display_settings.c:212  debug_display_settings           [   0.24799] color: 16 (rgba 5650), depth: 0, stencil: 0, acc: 0000, samples: 5/1
display  D   display_settings.c:527  _al_score_display_settings       [   0.24800] Score is : 587
display  D   display_settings.c:212  debug_display_settings           [   0.24801] color: 16 (rgba 5650), depth: 24, stencil: 8, acc: 0000, samples: 0/0
display  D   display_settings.c:527  _al_score_display_settings       [   0.24802] Score is : 769
display  D   display_settings.c:212  debug_display_settings           [   0.24803] color: 16 (rgba 5650), depth: 24, stencil: 8, acc: 0000, samples: 0/0
display  D   display_settings.c:527  _al_score_display_settings       [   0.24804] Score is : 769
display  D   display_settings.c:212  debug_display_settings           [   0.24804] color: 16 (rgba 5650), depth: 24, stencil: 8, acc: 0000, samples: 2/1
display  D   display_settings.c:527  _al_score_display_settings       [   0.24806] Score is : 598
display  D   display_settings.c:212  debug_display_settings           [   0.24806] color: 16 (rgba 5650), depth: 24, stencil: 8, acc: 0000, samples: 3/1
display  D   display_settings.c:527  _al_score_display_settings       [   0.24807] Score is : 593
display  D   display_settings.c:212  debug_display_settings           [   0.24808] color: 16 (rgba 5650), depth: 24, stencil: 8, acc: 0000, samples: 4/1
display  D   display_settings.c:527  _al_score_display_settings       [   0.24809] Score is : 589
display  D   display_settings.c:212  debug_display_settings           [   0.24810] color: 16 (rgba 5650), depth: 24, stencil: 8, acc: 0000, samples: 5/1
display  D   display_settings.c:527  _al_score_display_settings       [   0.24811] Score is : 587
display  D   display_settings.c:212  debug_display_settings           [   0.24812] color: 16 (rgba 5650), depth: 24, stencil: 0, acc: 0000, samples: 0/0
display  D   display_settings.c:527  _al_score_display_settings       [   0.24813] Score is : 769
display  D   display_settings.c:212  debug_display_settings           [   0.24813] color: 16 (rgba 5650), depth: 24, stencil: 0, acc: 0000, samples: 0/0
display  D   display_settings.c:527  _al_score_display_settings       [   0.24814] Score is : 769
display  D   display_settings.c:212  debug_display_settings           [   0.24815] color: 16 (rgba 5650), depth: 24, stencil: 0, acc: 0000, samples: 2/1
display  D   display_settings.c:527  _al_score_display_settings       [   0.24816] Score is : 598
display  D   display_settings.c:212  debug_display_settings           [   0.24817] color: 16 (rgba 5650), depth: 24, stencil: 0, acc: 0000, samples: 3/1
display  D   display_settings.c:527  _al_score_display_settings       [   0.24818] Score is : 593
display  D   display_settings.c:212  debug_display_settings           [   0.24819] color: 16 (rgba 5650), depth: 24, stencil: 0, acc: 0000, samples: 4/1
display  D   display_settings.c:527  _al_score_display_settings       [   0.24820] Score is : 589
display  D   display_settings.c:212  debug_display_settings           [   0.24821] color: 16 (rgba 5650), depth: 24, stencil: 0, acc: 0000, samples: 5/1
display  D   display_settings.c:527  _al_score_display_settings       [   0.24821] Score is : 587
display  D   display_settings.c:212  debug_display_settings           [   0.24822] color: 16 (rgba 5650), depth: 16, stencil: 0, acc: 0000, samples: 0/0
display  D   display_settings.c:527  _al_score_display_settings       [   0.24823] Score is : 769
display  D   display_settings.c:212  debug_display_settings           [   0.24824] color: 16 (rgba 5650), depth: 16, stencil: 0, acc: 0000, samples: 0/0
display  D   display_settings.c:527  _al_score_display_settings       [   0.24826] Score is : 769
display  D   display_settings.c:212  debug_display_settings           [   0.24827] color: 16 (rgba 5650), depth: 16, stencil: 0, acc: 0000, samples: 2/1
display  D   display_settings.c:527  _al_score_display_settings       [   0.24827] Score is : 598
display  D   display_settings.c:212  debug_display_settings           [   0.24828] color: 16 (rgba 5650), depth: 16, stencil: 0, acc: 0000, samples: 3/1
display  D   display_settings.c:527  _al_score_display_settings       [   0.24829] Score is : 593
display  D   display_settings.c:212  debug_display_settings           [   0.24830] color: 16 (rgba 5650), depth: 16, stencil: 0, acc: 0000, samples: 4/1
display  D   display_settings.c:527  _al_score_display_settings       [   0.24831] Score is : 589
display  D   display_settings.c:212  debug_display_settings           [   0.24832] color: 16 (rgba 5650), depth: 16, stencil: 0, acc: 0000, samples: 5/1
display  D   display_settings.c:527  _al_score_display_settings       [   0.24833] Score is : 587
display  D   display_settings.c:212  debug_display_settings           [   0.24834] color: 32 (rgba 8880), depth: 0, stencil: 0, acc: 0000, samples: 0/0
display  D   display_settings.c:398  _al_score_display_settings       [   0.24834] Single Buffer requirement not met.
display  D   display_settings.c:212  debug_display_settings           [   0.24835] color: 32 (rgba 8880), depth: 0, stencil: 0, acc: 0000, samples: 0/0
display  D   display_settings.c:398  _al_score_display_settings       [   0.24836] Single Buffer requirement not met.
display  D   display_settings.c:212  debug_display_settings           [   0.24837] color: 32 (rgba 8880), depth: 0, stencil: 0, acc: 0000, samples: 2/1
display  D   display_settings.c:398  _al_score_display_settings       [   0.24838] Single Buffer requirement not met.
display  D   display_settings.c:212  debug_display_settings           [   0.24839] color: 32 (rgba 8880), depth: 0, stencil: 0, acc: 0000, samples: 3/1
display  D   display_settings.c:398  _al_score_display_settings       [   0.24840] Single Buffer requirement not met.
display  D   display_settings.c:212  debug_display_settings           [   0.24841] color: 32 (rgba 8880), depth: 0, stencil: 0, acc: 0000, samples: 4/1
display  D   display_settings.c:398  _al_score_display_settings       [   0.24842] Single Buffer requirement not met.
display  D   display_settings.c:212  debug_display_settings           [   0.24843] color: 32 (rgba 8880), depth: 0, stencil: 0, acc: 0000, samples: 5/1
display  D   display_settings.c:398  _al_score_display_settings       [   0.24844] Single Buffer requirement not met.
display  D   display_settings.c:212  debug_display_settings           [   0.24845] color: 32 (rgba 8880), depth: 24, stencil: 8, acc: 0000, samples: 0/0
display  D   display_settings.c:398  _al_score_display_settings       [   0.24845] Single Buffer requirement not met.
display  D   display_settings.c:212  debug_display_settings           [   0.24846] color: 32 (rgba 8880), depth: 24, stencil: 8, acc: 0000, samples: 0/0
display  D   display_settings.c:398  _al_score_display_settings       [   0.24847] Single Buffer requirement not met.
display  D   display_settings.c:212  debug_display_settings           [   0.24848] color: 32 (rgba 8880), depth: 24, stencil: 8, acc: 0000, samples: 2/1
display  D   display_settings.c:398  _al_score_display_settings       [   0.24849] Single Buffer requirement not met.
display  D   display_settings.c:212  debug_display_settings           [   0.24850] color: 32 (rgba 8880), depth: 24, stencil: 8, acc: 0000, samples: 3/1
display  D   display_settings.c:398  _al_score_display_settings       [   0.24851] Single Buffer requirement not met.
display  D   display_settings.c:212  debug_display_settings           [   0.24852] color: 32 (rgba 8880), depth: 24, stencil: 8, acc: 0000, samples: 4/1
display  D   display_settings.c:398  _al_score_display_settings       [   0.24852] Single Buffer requirement not met.
display  D   display_settings.c:212  debug_display_settings           [   0.24853] color: 32 (rgba 8880), depth: 24, stencil: 8, acc: 0000, samples: 5/1
display  D   display_settings.c:398  _al_score_display_settings       [   0.24854] Single Buffer requirement not met.
display  D   display_settings.c:212  debug_display_settings           [   0.24855] color: 32 (rgba 8880), depth: 24, stencil: 0, acc: 0000, samples: 0/0
display  D   display_settings.c:398  _al_score_display_settings       [   0.24856] Single Buffer requirement not met.
display  D   display_settings.c:212  debug_display_settings           [   0.24857] color: 32 (rgba 8880), depth: 24, stencil: 0, acc: 0000, samples: 0/0
display  D   display_settings.c:398  _al_score_display_settings       [   0.24858] Single Buffer requirement not met.
display  D   display_settings.c:212  debug_display_settings           [   0.24859] color: 32 (rgba 8880), depth: 24, stencil: 0, acc: 0000, samples: 2/1
display  D   display_settings.c:398  _al_score_display_settings       [   0.24860] Single Buffer requirement not met.
display  D   display_settings.c:212  debug_display_settings           [   0.24860] color: 32 (rgba 8880), depth: 24, stencil: 0, acc: 0000, samples: 3/1
display  D   display_settings.c:398  _al_score_display_settings       [   0.24861] Single Buffer requirement not met.
display  D   display_settings.c:212  debug_display_settings           [   0.24862] color: 32 (rgba 8880), depth: 24, stencil: 0, acc: 0000, samples: 4/1
display  D   display_settings.c:398  _al_score_display_settings       [   0.24863] Single Buffer requirement not met.
display  D   display_settings.c:212  debug_display_settings           [   0.24864] color: 32 (rgba 8880), depth: 24, stencil: 0, acc: 0000, samples: 5/1
display  D   display_settings.c:398  _al_score_display_settings       [   0.24865] Single Buffer requirement not met.
display  D   display_settings.c:212  debug_display_settings           [   0.24866] color: 32 (rgba 8880), depth: 16, stencil: 0, acc: 0000, samples: 0/0
display  D   display_settings.c:398  _al_score_display_settings       [   0.24867] Single Buffer requirement not met.
display  D   display_settings.c:212  debug_display_settings           [   0.24868] color: 32 (rgba 8880), depth: 16, stencil: 0, acc: 0000, samples: 0/0
display  D   display_settings.c:398  _al_score_display_settings       [   0.24869] Single Buffer requirement not met.
display  D   display_settings.c:212  debug_display_settings           [   0.24870] color: 32 (rgba 8880), depth: 16, stencil: 0, acc: 0000, samples: 2/1
display  D   display_settings.c:398  _al_score_display_settings       [   0.24871] Single Buffer requirement not met.
display  D   display_settings.c:212  debug_display_settings           [   0.24872] color: 32 (rgba 8880), depth: 16, stencil: 0, acc: 0000, samples: 3/1
display  D   display_settings.c:398  _al_score_display_settings       [   0.24873] Single Buffer requirement not met.
display  D   display_settings.c:212  debug_display_settings           [   0.24874] color: 32 (rgba 8880), depth: 16, stencil: 0, acc: 0000, samples: 4/1
display  D   display_settings.c:398  _al_score_display_settings       [   0.24875] Single Buffer requirement not met.
display  D   display_settings.c:212  debug_display_settings           [   0.24876] color: 32 (rgba 8880), depth: 16, stencil: 0, acc: 0000, samples: 5/1
display  D   display_settings.c:398  _al_score_display_settings       [   0.24876] Single Buffer requirement not met.
display  D   display_settings.c:212  debug_display_settings           [   0.24877] color: 16 (rgba 5650), depth: 0, stencil: 0, acc: 0000, samples: 0/0
display  D   display_settings.c:398  _al_score_display_settings       [   0.24878] Single Buffer requirement not met.
display  D   display_settings.c:212  debug_display_settings           [   0.24879] color: 16 (rgba 5650), depth: 0, stencil: 0, acc: 0000, samples: 0/0
display  D   display_settings.c:398  _al_score_display_settings       [   0.24880] Single Buffer requirement not met.
display  D   display_settings.c:212  debug_display_settings           [   0.24881] color: 16 (rgba 5650), depth: 0, stencil: 0, acc: 0000, samples: 2/1
display  D   display_settings.c:398  _al_score_display_settings       [   0.24882] Single Buffer requirement not met.
display  D   display_settings.c:212  debug_display_settings           [   0.24883] color: 16 (rgba 5650), depth: 0, stencil: 0, acc: 0000, samples: 3/1
display  D   display_settings.c:398  _al_score_display_settings       [   0.24883] Single Buffer requirement not met.
display  D   display_settings.c:212  debug_display_settings           [   0.24884] color: 16 (rgba 5650), depth: 0, stencil: 0, acc: 0000, samples: 4/1
display  D   display_settings.c:398  _al_score_display_settings       [   0.24885] Single Buffer requirement not met.
display  D   display_settings.c:212  debug_display_settings           [   0.24886] color: 16 (rgba 5650), depth: 0, stencil: 0, acc: 0000, samples: 5/1
display  D   display_settings.c:398  _al_score_display_settings       [   0.24887] Single Buffer requirement not met.
display  D   display_settings.c:212  debug_display_settings           [   0.24888] color: 16 (rgba 5650), depth: 24, stencil: 8, acc: 0000, samples: 0/0
display  D   display_settings.c:398  _al_score_display_settings       [   0.24889] Single Buffer requirement not met.
display  D   display_settings.c:212  debug_display_settings           [   0.24890] color: 16 (rgba 5650), depth: 24, stencil: 8, acc: 0000, samples: 0/0
display  D   display_settings.c:398  _al_score_display_settings       [   0.24891] Single Buffer requirement not met.
display  D   display_settings.c:212  debug_display_settings           [   0.24892] color: 16 (rgba 5650), depth: 24, stencil: 8, acc: 0000, samples: 2/1
display  D   display_settings.c:398  _al_score_display_settings       [   0.24893] Single Buffer requirement not met.
display  D   display_settings.c:212  debug_display_settings           [   0.24894] color: 16 (rgba 5650), depth: 24, stencil: 8, acc: 0000, samples: 3/1
display  D   display_settings.c:398  _al_score_display_settings       [   0.24895] Single Buffer requirement not met.
display  D   display_settings.c:212  debug_display_settings           [   0.24895] color: 16 (rgba 5650), depth: 24, stencil: 8, acc: 0000, samples: 4/1
display  D   display_settings.c:398  _al_score_display_settings       [   0.24896] Single Buffer requirement not met.
display  D   display_settings.c:212  debug_display_settings           [   0.24897] color: 16 (rgba 5650), depth: 24, stencil: 8, acc: 0000, samples: 5/1
display  D   display_settings.c:398  _al_score_display_settings       [   0.24898] Single Buffer requirement not met.
display  D   display_settings.c:212  debug_display_settings           [   0.24899] color: 16 (rgba 5650), depth: 24, stencil: 0, acc: 0000, samples: 0/0
display  D   display_settings.c:398  _al_score_display_settings       [   0.24900] Single Buffer requirement not met.
display  D   display_settings.c:212  debug_display_settings           [   0.24901] color: 16 (rgba 5650), depth: 24, stencil: 0, acc: 0000, samples: 0/0
display  D   display_settings.c:398  _al_score_display_settings       [   0.24902] Single Buffer requirement not met.
display  D   display_settings.c:212  debug_display_settings           [   0.24902] color: 16 (rgba 5650), depth: 24, stencil: 0, acc: 0000, samples: 2/1
display  D   display_settings.c:398  _al_score_display_settings       [   0.24903] Single Buffer requirement not met.
display  D   display_settings.c:212  debug_display_settings           [   0.24904] color: 16 (rgba 5650), depth: 24, stencil: 0, acc: 0000, samples: 3/1
display  D   display_settings.c:398  _al_score_display_settings       [   0.24905] Single Buffer requirement not met.
display  D   display_settings.c:212  debug_display_settings           [   0.24906] color: 16 (rgba 5650), depth: 24, stencil: 0, acc: 0000, samples: 4/1
display  D   display_settings.c:398  _al_score_display_settings       [   0.24907] Single Buffer requirement not met.
display  D   display_settings.c:212  debug_display_settings           [   0.24908] color: 16 (rgba 5650), depth: 24, stencil: 0, acc: 0000, samples: 5/1
display  D   display_settings.c:398  _al_score_display_settings       [   0.24909] Single Buffer requirement not met.
display  D   display_settings.c:212  debug_display_settings           [   0.24909] color: 16 (rgba 5650), depth: 16, stencil: 0, acc: 0000, samples: 0/0
display  D   display_settings.c:398  _al_score_display_settings       [   0.24910] Single Buffer requirement not met.
display  D   display_settings.c:212  debug_display_settings           [   0.24911] color: 16 (rgba 5650), depth: 16, stencil: 0, acc: 0000, samples: 0/0
display  D   display_settings.c:398  _al_score_display_settings       [   0.24912] Single Buffer requirement not met.
display  D   display_settings.c:212  debug_display_settings           [   0.24913] color: 16 (rgba 5650), depth: 16, stencil: 0, acc: 0000, samples: 2/1
display  D   display_settings.c:398  _al_score_display_settings       [   0.24914] Single Buffer requirement not met.
display  D   display_settings.c:212  debug_display_settings           [   0.24915] color: 16 (rgba 5650), depth: 16, stencil: 0, acc: 0000, samples: 3/1
display  D   display_settings.c:398  _al_score_display_settings       [   0.24916] Single Buffer requirement not met.
display  D   display_settings.c:212  debug_display_settings           [   0.24917] color: 16 (rgba 5650), depth: 16, stencil: 0, acc: 0000, samples: 4/1
display  D   display_settings.c:398  _al_score_display_settings       [   0.24918] Single Buffer requirement not met.
display  D   display_settings.c:212  debug_display_settings           [   0.24919] color: 16 (rgba 5650), depth: 16, stencil: 0, acc: 0000, samples: 5/1
display  D   display_settings.c:398  _al_score_display_settings       [   0.24920] Single Buffer requirement not met.
d3d      D         d3d_disp.cpp:1682 d3d_create_display_internals     [   0.24922] Trying format 0.
d3d      I         d3d_disp.cpp:1358 d3d_display_thread_proc          [   0.24953] Chose a display format: 23
d3d      I         d3d_disp.cpp:1427 d3d_display_thread_proc          [   0.24957] Normal window.
d3d      I         d3d_disp.cpp:791  d3d_create_device                [   0.27635] Using no depth stencil buffer
d3d      D         d3d_disp.cpp:853  d3d_create_device                [   0.33348] BeginScene succeeded in create_device
d3d      D         d3d_disp.cpp:861  d3d_create_device                [   0.33354] Success
d3d      D         d3d_disp.cpp:1705 d3d_create_display_internals     [   0.33359] Resumed after wait.
d3d      I         d3d_disp.cpp:1738 d3d_create_display_internals     [   0.33365] Format 0 succeeded.
d3d      D         d3d_disp.cpp:1769 d3d_create_display_internals     [   0.33367] Returning d3d_display: 00000000012ad410
d3d      D         d3d_disp.cpp:1794 d3d_create_display_locked        [   0.33368] al_display=00000000012ad410
d3d      D         d3d_disp.cpp:1795 d3d_create_display_locked        [   0.33369] al_display->vt=00000000012ad2a0
system   W            wsystem.c:879  _al_win_safe_load_library        [   0.33421] PathFindOnPath failed to find d3dx9_43.dll
system   W            wsystem.c:879  _al_win_safe_load_library        [   0.33450] PathFindOnPath failed to find d3dx9_42.dll
system   W            wsystem.c:879  _al_win_safe_load_library        [   0.33477] PathFindOnPath failed to find d3dx9_41.dll
system   W            wsystem.c:879  _al_win_safe_load_library        [   0.33515] PathFindOnPath failed to find d3dx9_40.dll
system   W            wsystem.c:879  _al_win_safe_load_library        [   0.33552] PathFindOnPath failed to find d3dx9_39.dll
system   W            wsystem.c:879  _al_win_safe_load_library        [   0.33580] PathFindOnPath failed to find d3dx9_38.dll
system   W            wsystem.c:879  _al_win_safe_load_library        [   0.33612] PathFindOnPath failed to find d3dx9_37.dll
system   W            wsystem.c:879  _al_win_safe_load_library        [   0.33634] PathFindOnPath failed to find d3dx9_36.dll
system   W            wsystem.c:879  _al_win_safe_load_library        [   0.33658] PathFindOnPath failed to find d3dx9_35.dll
system   W            wsystem.c:879  _al_win_safe_load_library        [   0.33684] PathFindOnPath failed to find d3dx9_34.dll
system   W            wsystem.c:879  _al_win_safe_load_library        [   0.33704] PathFindOnPath failed to find d3dx9_33.dll
system   W            wsystem.c:879  _al_win_safe_load_library        [   0.33735] PathFindOnPath failed to find d3dx9_32.dll
system   W            wsystem.c:879  _al_win_safe_load_library        [   0.33764] PathFindOnPath failed to find d3dx9_31.dll
system   W            wsystem.c:879  _al_win_safe_load_library        [   0.33789] PathFindOnPath failed to find d3dx9_30.dll
system   W            wsystem.c:879  _al_win_safe_load_library        [   0.33822] PathFindOnPath failed to find d3dx9_29.dll
system   W            wsystem.c:879  _al_win_safe_load_library        [   0.33845] PathFindOnPath failed to find d3dx9_28.dll
system   W            wsystem.c:879  _al_win_safe_load_library        [   0.33872] PathFindOnPath failed to find d3dx9_27.dll
system   W            wsystem.c:879  _al_win_safe_load_library        [   0.33890] PathFindOnPath failed to find d3dx9_26.dll
system   W            wsystem.c:879  _al_win_safe_load_library        [   0.33916] PathFindOnPath failed to find d3dx9_25.dll
system   W            wsystem.c:879  _al_win_safe_load_library        [   0.33946] PathFindOnPath failed to find d3dx9_24.dll
d3dx9    E        d3d_d3dx9.cpp:121  _al_load_d3dx9_module            [   0.33948] Failed to load D3DX9 library. Library is not installed.
stdio    D         file_stdio.c:110  file_stdio_fopen                 [   0.33966] opening assets/font/pirulen.ttf rb
font     D                ttf.c:943  al_load_ttf_font_stretch_f       [   0.34000] Font assets/font/pirulen.ttf loaded with pixel size 0 x 18.
font     D                ttf.c:945  al_load_ttf_font_stretch_f       [   0.34003]     ascent=18.0, descent=-5.0, height=22.0
dtor     D               dtor.c:196  _al_register_destructor          [   0.34005] added dtor for ttf_font 00000000012acc00, func 00007ffd680e4c05
stdio    D         file_stdio.c:110  file_stdio_fopen                 [   0.34006] opening assets/image/main_menu.png rb
stdio    D         file_stdio.c:110  file_stdio_fopen                 [   0.34019] opening assets/image/main_menu.png rb
d3d      D         d3d_disp.cpp:1202 real_choose_bitmap_format        [   0.34034] Fake format
d3d      D         d3d_disp.cpp:1202 real_choose_bitmap_format        [   0.34036] Fake format
d3d      D         d3d_disp.cpp:1202 real_choose_bitmap_format        [   0.34037] Fake format
d3d      D         d3d_disp.cpp:1202 real_choose_bitmap_format        [   0.34038] Fake format
d3d      D         d3d_disp.cpp:1202 real_choose_bitmap_format        [   0.34038] Fake format
d3d      D         d3d_disp.cpp:1202 real_choose_bitmap_format        [   0.34039] Fake format
d3d      D         d3d_disp.cpp:1202 real_choose_bitmap_format        [   0.34040] Fake format
d3d      D         d3d_disp.cpp:1202 real_choose_bitmap_format        [   0.34041] Fake format
d3d      D         d3d_disp.cpp:1202 real_choose_bitmap_format        [   0.34042] Fake format
d3d      D         d3d_disp.cpp:1210 real_choose_bitmap_format        [   0.34043] Alpha doesn't match
d3d      D         d3d_disp.cpp:1217 real_choose_bitmap_format        [   0.34044] Adapter format is 23
d3d      D         d3d_disp.cpp:1220 real_choose_bitmap_format        [   0.34045] Found a format
d3d      I         d3d_disp.cpp:2391 d3d_create_bitmap                [   0.34046] Chose bitmap format 9
dtor     D               dtor.c:196  _al_register_destructor          [   0.34407] added dtor for bitmap 0000000002baeb70, func 00007ffd67fc1bea
stdio    D         file_stdio.c:110  file_stdio_fopen                 [   0.37646] opening assets/image/title.png rb
stdio    D         file_stdio.c:110  file_stdio_fopen                 [   0.37669] opening assets/image/title.png rb
d3d      D         d3d_disp.cpp:1202 real_choose_bitmap_format        [   0.37678] Fake format
d3d      D         d3d_disp.cpp:1202 real_choose_bitmap_format        [   0.37680] Fake format
d3d      D         d3d_disp.cpp:1202 real_choose_bitmap_format        [   0.37681] Fake format
d3d      D         d3d_disp.cpp:1202 real_choose_bitmap_format        [   0.37682] Fake format
d3d      D         d3d_disp.cpp:1202 real_choose_bitmap_format        [   0.37683] Fake format
d3d      D         d3d_disp.cpp:1202 real_choose_bitmap_format        [   0.37684] Fake format
d3d      D         d3d_disp.cpp:1202 real_choose_bitmap_format        [   0.37685] Fake format
d3d      D         d3d_disp.cpp:1202 real_choose_bitmap_format        [   0.37686] Fake format
d3d      D         d3d_disp.cpp:1202 real_choose_bitmap_format        [   0.37687] Fake format
d3d      D         d3d_disp.cpp:1210 real_choose_bitmap_format        [   0.37688] Alpha doesn't match
d3d      D         d3d_disp.cpp:1217 real_choose_bitmap_format        [   0.37689] Adapter format is 23
d3d      D         d3d_disp.cpp:1220 real_choose_bitmap_format        [   0.37690] Found a format
d3d      I         d3d_disp.cpp:2391 d3d_create_bitmap                [   0.37691] Chose bitmap format 9
dtor     D               dtor.c:196  _al_register_destructor          [   0.37760] added dtor for bitmap 0000000002bbb620, func 00007ffd67fc1bea
stdio    D         file_stdio.c:110  file_stdio_fopen                 [   0.38455] opening assets/image/start.png rb
stdio    D         file_stdio.c:110  file_stdio_fopen                 [   0.38478] opening assets/image/start.png rb
d3d      D         d3d_disp.cpp:1202 real_choose_bitmap_format        [   0.38488] Fake format
d3d      D         d3d_disp.cpp:1202 real_choose_bitmap_format        [   0.38491] Fake format
d3d      D         d3d_disp.cpp:1202 real_choose_bitmap_format        [   0.38492] Fake format
d3d      D         d3d_disp.cpp:1202 real_choose_bitmap_format        [   0.38494] Fake format
d3d      D         d3d_disp.cpp:1202 real_choose_bitmap_format        [   0.38495] Fake format
d3d      D         d3d_disp.cpp:1202 real_choose_bitmap_format        [   0.38497] Fake format
d3d      D         d3d_disp.cpp:1202 real_choose_bitmap_format        [   0.38498] Fake format
d3d      D         d3d_disp.cpp:1202 real_choose_bitmap_format        [   0.38499] Fake format
d3d      D         d3d_disp.cpp:1202 real_choose_bitmap_format        [   0.38500] Fake format
d3d      D         d3d_disp.cpp:1210 real_choose_bitmap_format        [   0.38501] Alpha doesn't match
d3d      D         d3d_disp.cpp:1217 real_choose_bitmap_format        [   0.38503] Adapter format is 23
d3d      D         d3d_disp.cpp:1220 real_choose_bitmap_format        [   0.38504] Found a format
d3d      I         d3d_disp.cpp:2391 d3d_create_bitmap                [   0.38506] Chose bitmap format 9
dtor     D               dtor.c:196  _al_register_destructor          [   0.38552] added dtor for bitmap 0000000002bbb0a0, func 00007ffd67fc1bea
stdio    D         file_stdio.c:110  file_stdio_fopen                 [   0.38757] opening assets/image/start_hover.png rb
stdio    D         file_stdio.c:110  file_stdio_fopen                 [   0.38778] opening assets/image/start_hover.png rb
d3d      D         d3d_disp.cpp:1202 real_choose_bitmap_format        [   0.38787] Fake format
d3d      D         d3d_disp.cpp:1202 real_choose_bitmap_format        [   0.38789] Fake format
d3d      D         d3d_disp.cpp:1202 real_choose_bitmap_format        [   0.38790] Fake format
d3d      D         d3d_disp.cpp:1202 real_choose_bitmap_format        [   0.38791] Fake format
d3d      D         d3d_disp.cpp:1202 real_choose_bitmap_format        [   0.38792] Fake format
d3d      D         d3d_disp.cpp:1202 real_choose_bitmap_format        [   0.38792] Fake format
d3d      D         d3d_disp.cpp:1202 real_choose_bitmap_format        [   0.38793] Fake format
d3d      D         d3d_disp.cpp:1202 real_choose_bitmap_format        [   0.38794] Fake format
d3d      D         d3d_disp.cpp:1202 real_choose_bitmap_format        [   0.38795] Fake format
d3d      D         d3d_disp.cpp:1210 real_choose_bitmap_format        [   0.38796] Alpha doesn't match
d3d      D         d3d_disp.cpp:1217 real_choose_bitmap_format        [   0.38797] Adapter format is 23
d3d      D         d3d_disp.cpp:1220 real_choose_bitmap_format        [   0.38798] Found a format
d3d      I         d3d_disp.cpp:2391 d3d_create_bitmap                [   0.38799] Chose bitmap format 9
dtor     D               dtor.c:196  _al_register_destructor          [   0.38833] added dtor for bitmap 0000000002bbb430, func 00007ffd67fc1bea
stdio    D         file_stdio.c:110  file_stdio_fopen                 [   0.39016] opening assets/image/about.png rb
stdio    D         file_stdio.c:110  file_stdio_fopen                 [   0.39032] opening assets/image/about.png rb
d3d      D         d3d_disp.cpp:1202 real_choose_bitmap_format        [   0.39039] Fake format
d3d      D         d3d_disp.cpp:1202 real_choose_bitmap_format        [   0.39041] Fake format
d3d      D         d3d_disp.cpp:1202 real_choose_bitmap_format        [   0.39042] Fake format
d3d      D         d3d_disp.cpp:1202 real_choose_bitmap_format        [   0.39043] Fake format
d3d      D         d3d_disp.cpp:1202 real_choose_bitmap_format        [   0.39044] Fake format
d3d      D         d3d_disp.cpp:1202 real_choose_bitmap_format        [   0.39045] Fake format
d3d      D         d3d_disp.cpp:1202 real_choose_bitmap_format        [   0.39045] Fake format
d3d      D         d3d_disp.cpp:1202 real_choose_bitmap_format        [   0.39046] Fake format
d3d      D         d3d_disp.cpp:1202 real_choose_bitmap_format        [   0.39047] Fake format
d3d      D         d3d_disp.cpp:1210 real_choose_bitmap_format        [   0.39048] Alpha doesn't match
d3d      D         d3d_disp.cpp:1217 real_choose_bitmap_format        [   0.39049] Adapter format is 23
d3d      D         d3d_disp.cpp:1220 real_choose_bitmap_format        [   0.39050] Found a format
d3d      I         d3d_disp.cpp:2391 d3d_create_bitmap                [   0.39051] Chose bitmap format 9
dtor     D               dtor.c:196  _al_register_destructor          [   0.39084] added dtor for bitmap 0000000002babf70, func 00007ffd67fc1bea
stdio    D         file_stdio.c:110  file_stdio_fopen                 [   0.39255] opening assets/image/about_hover.png rb
stdio    D         file_stdio.c:110  file_stdio_fopen                 [   0.39271] opening assets/image/about_hover.png rb
d3d      D         d3d_disp.cpp:1202 real_choose_bitmap_format        [   0.39279] Fake format
d3d      D         d3d_disp.cpp:1202 real_choose_bitmap_format        [   0.39280] Fake format
d3d      D         d3d_disp.cpp:1202 real_choose_bitmap_format        [   0.39281] Fake format
d3d      D         d3d_disp.cpp:1202 real_choose_bitmap_format        [   0.39282] Fake format
d3d      D         d3d_disp.cpp:1202 real_choose_bitmap_format        [   0.39283] Fake format
d3d      D         d3d_disp.cpp:1202 real_choose_bitmap_format        [   0.39284] Fake format
d3d      D         d3d_disp.cpp:1202 real_choose_bitmap_format        [   0.39285] Fake format
d3d      D         d3d_disp.cpp:1202 real_choose_bitmap_format        [   0.39286] Fake format
d3d      D         d3d_disp.cpp:1202 real_choose_bitmap_format        [   0.39287] Fake format
d3d      D         d3d_disp.cpp:1210 real_choose_bitmap_format        [   0.39288] Alpha doesn't match
d3d      D         d3d_disp.cpp:1217 real_choose_bitmap_format        [   0.39289] Adapter format is 23
d3d      D         d3d_disp.cpp:1220 real_choose_bitmap_format        [   0.39290] Found a format
d3d      I         d3d_disp.cpp:2391 d3d_create_bitmap                [   0.39291] Chose bitmap format 9
dtor     D               dtor.c:196  _al_register_destructor          [   0.39323] added dtor for bitmap 0000000002bac120, func 00007ffd67fc1bea
stdio    D         file_stdio.c:110  file_stdio_fopen                 [   0.39497] opening assets/image/quit.png rb
stdio    D         file_stdio.c:110  file_stdio_fopen                 [   0.39511] opening assets/image/quit.png rb
d3d      D         d3d_disp.cpp:1202 real_choose_bitmap_format        [   0.39519] Fake format
d3d      D         d3d_disp.cpp:1202 real_choose_bitmap_format        [   0.39521] Fake format
d3d      D         d3d_disp.cpp:1202 real_choose_bitmap_format        [   0.39522] Fake format
d3d      D         d3d_disp.cpp:1202 real_choose_bitmap_format        [   0.39523] Fake format
d3d      D         d3d_disp.cpp:1202 real_choose_bitmap_format        [   0.39524] Fake format
d3d      D         d3d_disp.cpp:1202 real_choose_bitmap_format        [   0.39525] Fake format
d3d      D         d3d_disp.cpp:1202 real_choose_bitmap_format        [   0.39526] Fake format
d3d      D         d3d_disp.cpp:1202 real_choose_bitmap_format        [   0.39527] Fake format
d3d      D         d3d_disp.cpp:1202 real_choose_bitmap_format        [   0.39528] Fake format
d3d      D         d3d_disp.cpp:1210 real_choose_bitmap_format        [   0.39529] Alpha doesn't match
d3d      D         d3d_disp.cpp:1217 real_choose_bitmap_format        [   0.39530] Adapter format is 23
d3d      D         d3d_disp.cpp:1220 real_choose_bitmap_format        [   0.39531] Found a format
d3d      I         d3d_disp.cpp:2391 d3d_create_bitmap                [   0.39533] Chose bitmap format 9
dtor     D               dtor.c:196  _al_register_destructor          [   0.39565] added dtor for bitmap 0000000002bac2d0, func 00007ffd67fc1bea
stdio    D         file_stdio.c:110  file_stdio_fopen                 [   0.39728] opening assets/image/quit_hover.png rb
stdio    D         file_stdio.c:110  file_stdio_fopen                 [   0.39743] opening assets/image/quit_hover.png rb
d3d      D         d3d_disp.cpp:1202 real_choose_bitmap_format        [   0.39751] Fake format
d3d      D         d3d_disp.cpp:1202 real_choose_bitmap_format        [   0.39753] Fake format
d3d      D         d3d_disp.cpp:1202 real_choose_bitmap_format        [   0.39754] Fake format
d3d      D         d3d_disp.cpp:1202 real_choose_bitmap_format        [   0.39755] Fake format
d3d      D         d3d_disp.cpp:1202 real_choose_bitmap_format        [   0.39755] Fake format
d3d      D         d3d_disp.cpp:1202 real_choose_bitmap_format        [   0.39756] Fake format
d3d      D         d3d_disp.cpp:1202 real_choose_bitmap_format        [   0.39757] Fake format
d3d      D         d3d_disp.cpp:1202 real_choose_bitmap_format        [   0.39758] Fake format
d3d      D         d3d_disp.cpp:1202 real_choose_bitmap_format        [   0.39759] Fake format
d3d      D         d3d_disp.cpp:1210 real_choose_bitmap_format        [   0.39760] Alpha doesn't match
d3d      D         d3d_disp.cpp:1217 real_choose_bitmap_format        [   0.39761] Adapter format is 23
d3d      D         d3d_disp.cpp:1220 real_choose_bitmap_format        [   0.39763] Found a format
d3d      I         d3d_disp.cpp:2391 d3d_create_bitmap                [   0.39764] Chose bitmap format 9
dtor     D               dtor.c:196  _al_register_destructor          [   0.39792] added dtor for bitmap 0000000002bac480, func 00007ffd67fc1bea
stdio    D         file_stdio.c:110  file_stdio_fopen                 [   0.39964] opening assets/sound/menu.mp3 rb
dtor     D               dtor.c:196  _al_register_destructor          [   1.13347] added dtor for sample 00000000012acc60, func 00007ffd680f1a1d
dtor     D               dtor.c:196  _al_register_destructor          [   1.13359] added dtor for sample_instance 00000000012abb30, func 00007ffd680e929b
audio    D          kcm_mixer.c:121  _al_rechannel_matrix             [   1.13361] sample matrix:
audio    D          kcm_mixer.c:127  _al_rechannel_matrix             [   1.13362]  0.707107 0.000000
audio    D          kcm_mixer.c:127  _al_rechannel_matrix             [   1.13363]  0.000000 0.707107
audio    D          kcm_mixer.c:121  _al_rechannel_matrix             [   1.13364] sample matrix:
audio    D          kcm_mixer.c:127  _al_rechannel_matrix             [   1.13365]  0.070711 0.000000
audio    D          kcm_mixer.c:127  _al_rechannel_matrix             [   1.13366]  0.000000 0.070711
stdio    D         file_stdio.c:110  file_stdio_fopen                 [   1.13367] opening assets/sound/click.mp3 rb
dtor     D               dtor.c:196  _al_register_destructor          [   1.13635] added dtor for sample 0000000002bba2e0, func 00007ffd680f1a1d
dtor     D               dtor.c:196  _al_register_destructor          [   1.13670] added dtor for queue 0000000002b93ba0, func 00007ffd67fec5dc
dtor     D               dtor.c:196  _al_register_destructor          [   1.14099] added dtor for timer 0000000002bbb250, func 00007ffd67fffb3b
stdio    D         file_stdio.c:110  file_stdio_fopen                 [   1.14109] opening assets/image/icon.jpg rb
stdio    D         file_stdio.c:110  file_stdio_fopen                 [   1.14127] opening assets/image/icon.jpg rb
d3d      D         d3d_disp.cpp:1202 real_choose_bitmap_format        [   1.14142] Fake format
d3d      D         d3d_disp.cpp:1202 real_choose_bitmap_format        [   1.14144] Fake format
d3d      D         d3d_disp.cpp:1202 real_choose_bitmap_format        [   1.14145] Fake format
d3d      D         d3d_disp.cpp:1202 real_choose_bitmap_format        [   1.14146] Fake format
d3d      D         d3d_disp.cpp:1202 real_choose_bitmap_format        [   1.14148] Fake format
d3d      D         d3d_disp.cpp:1202 real_choose_bitmap_format        [   1.14149] Fake format
d3d      D         d3d_disp.cpp:1202 real_choose_bitmap_format        [   1.14150] Fake format
d3d      D         d3d_disp.cpp:1202 real_choose_bitmap_format        [   1.14151] Fake format
d3d      D         d3d_disp.cpp:1202 real_choose_bitmap_format        [   1.14152] Fake format
d3d      D         d3d_disp.cpp:1210 real_choose_bitmap_format        [   1.14153] Alpha doesn't match
d3d      D         d3d_disp.cpp:1217 real_choose_bitmap_format        [   1.14154] Adapter format is 23
d3d      D         d3d_disp.cpp:1220 real_choose_bitmap_format        [   1.14155] Found a format
d3d      I         d3d_disp.cpp:2391 d3d_create_bitmap                [   1.14156] Chose bitmap format 9
dtor     D               dtor.c:196  _al_register_destructor          [   1.14281] added dtor for bitmap 0000000002bab310, func 00007ffd67fc1bea
d3d      D         d3d_disp.cpp:1202 real_choose_bitmap_format        [   1.14605] Fake format
d3d      D         d3d_disp.cpp:1202 real_choose_bitmap_format        [   1.14608] Fake format
d3d      D         d3d_disp.cpp:1202 real_choose_bitmap_format        [   1.14609] Fake format
d3d      D         d3d_disp.cpp:1202 real_choose_bitmap_format        [   1.14610] Fake format
d3d      D         d3d_disp.cpp:1202 real_choose_bitmap_format        [   1.14610] Fake format
d3d      D         d3d_disp.cpp:1202 real_choose_bitmap_format        [   1.14611] Fake format
d3d      D         d3d_disp.cpp:1202 real_choose_bitmap_format        [   1.14612] Fake format
d3d      D         d3d_disp.cpp:1202 real_choose_bitmap_format        [   1.14613] Fake format
d3d      D         d3d_disp.cpp:1202 real_choose_bitmap_format        [   1.14614] Fake format
d3d      D         d3d_disp.cpp:1210 real_choose_bitmap_format        [   1.14614] Alpha doesn't match
d3d      D         d3d_disp.cpp:1217 real_choose_bitmap_format        [   1.14615] Adapter format is 23
d3d      D         d3d_disp.cpp:1220 real_choose_bitmap_format        [   1.14616] Found a format
d3d      I         d3d_disp.cpp:2391 d3d_create_bitmap                [   1.14617] Chose bitmap format 9
dtor     D               dtor.c:196  _al_register_destructor          [   1.14647] added dtor for bitmap 0000000002bab4c0, func 00007ffd67fc1bea
d3d      D          d3d_bmp.cpp:539  _al_d3d_sync_bitmap              [   1.15058] _al_d3d_sync_bitmap (system) ref count == 1
d3d      D          d3d_bmp.cpp:545  _al_d3d_sync_bitmap              [   1.15069] _al_d3d_sync_bitmap (video) ref count == 1
dtor     D               dtor.c:227  _al_unregister_destructor        [   1.15122] removed dtor for bitmap 0000000002bab4c0
d3d      D         d3d_disp.cpp:1202 real_choose_bitmap_format        [   1.15295] Fake format
d3d      D         d3d_disp.cpp:1202 real_choose_bitmap_format        [   1.15300] Fake format
d3d      D         d3d_disp.cpp:1202 real_choose_bitmap_format        [   1.15301] Fake format
d3d      D         d3d_disp.cpp:1202 real_choose_bitmap_format        [   1.15302] Fake format
d3d      D         d3d_disp.cpp:1202 real_choose_bitmap_format        [   1.15302] Fake format
d3d      D         d3d_disp.cpp:1202 real_choose_bitmap_format        [   1.15303] Fake format
d3d      D         d3d_disp.cpp:1202 real_choose_bitmap_format        [   1.15304] Fake format
d3d      D         d3d_disp.cpp:1202 real_choose_bitmap_format        [   1.15305] Fake format
d3d      D         d3d_disp.cpp:1202 real_choose_bitmap_format        [   1.15305] Fake format
d3d      D         d3d_disp.cpp:1210 real_choose_bitmap_format        [   1.15306] Alpha doesn't match
d3d      D         d3d_disp.cpp:1217 real_choose_bitmap_format        [   1.15307] Adapter format is 23
d3d      D         d3d_disp.cpp:1220 real_choose_bitmap_format        [   1.15308] Found a format
d3d      I         d3d_disp.cpp:2391 d3d_create_bitmap                [   1.15310] Chose bitmap format 9
dtor     D               dtor.c:196  _al_register_destructor          [   1.15353] added dtor for bitmap 0000000002bab4c0, func 00007ffd67fc1bea
d3d      D          d3d_bmp.cpp:539  _al_d3d_sync_bitmap              [   1.15723] _al_d3d_sync_bitmap (system) ref count == 1
d3d      D          d3d_bmp.cpp:545  _al_d3d_sync_bitmap              [   1.15728] _al_d3d_sync_bitmap (video) ref count == 1
dtor     D               dtor.c:227  _al_unregister_destructor        [   1.15852] removed dtor for bitmap 0000000002bab4c0
d3d      D          d3d_bmp.cpp:539  _al_d3d_sync_bitmap              [   1.17703] _al_d3d_sync_bitmap (system) ref count == 1
d3d      D          d3d_bmp.cpp:545  _al_d3d_sync_bitmap              [   1.17710] _al_d3d_sync_bitmap (video) ref count == 1
d3d      D          d3d_bmp.cpp:539  _al_d3d_sync_bitmap              [   1.17827] _al_d3d_sync_bitmap (system) ref count == 1
d3d      D          d3d_bmp.cpp:545  _al_d3d_sync_bitmap              [   1.17831] _al_d3d_sync_bitmap (video) ref count == 1
d3d      D          d3d_bmp.cpp:539  _al_d3d_sync_bitmap              [   1.17898] _al_d3d_sync_bitmap (system) ref count == 1
d3d      D          d3d_bmp.cpp:545  _al_d3d_sync_bitmap              [   1.17904] _al_d3d_sync_bitmap (video) ref count == 1
d3d      D          d3d_bmp.cpp:539  _al_d3d_sync_bitmap              [   1.17935] _al_d3d_sync_bitmap (system) ref count == 1
d3d      D          d3d_bmp.cpp:545  _al_d3d_sync_bitmap              [   1.17938] _al_d3d_sync_bitmap (video) ref count == 1
d3d      D          d3d_bmp.cpp:539  _al_d3d_sync_bitmap              [   1.17993] _al_d3d_sync_bitmap (system) ref count == 1
d3d      D          d3d_bmp.cpp:545  _al_d3d_sync_bitmap              [   1.18000] _al_d3d_sync_bitmap (video) ref count == 1
d3d      D          d3d_bmp.cpp:539  _al_d3d_sync_bitmap              [   1.18062] _al_d3d_sync_bitmap (system) ref count == 1
d3d      D          d3d_bmp.cpp:545  _al_d3d_sync_bitmap              [   1.18066] _al_d3d_sync_bitmap (video) ref count == 1
d3d      D          d3d_bmp.cpp:539  _al_d3d_sync_bitmap              [   1.18101] _al_d3d_sync_bitmap (system) ref count == 1
d3d      D          d3d_bmp.cpp:545  _al_d3d_sync_bitmap              [   1.18105] _al_d3d_sync_bitmap (video) ref count == 1
d3d      D          d3d_bmp.cpp:539  _al_d3d_sync_bitmap              [   1.18136] _al_d3d_sync_bitmap (system) ref count == 1
d3d      D          d3d_bmp.cpp:545  _al_d3d_sync_bitmap              [   1.18139] _al_d3d_sync_bitmap (video) ref count == 1
d3d      D          d3d_bmp.cpp:539  _al_d3d_sync_bitmap              [   1.18205] _al_d3d_sync_bitmap (system) ref count == 1
d3d      D          d3d_bmp.cpp:545  _al_d3d_sync_bitmap              [   1.18208] _al_d3d_sync_bitmap (video) ref count == 1
audio    D          kcm_mixer.c:121  _al_rechannel_matrix             [ 134.65805] sample matrix:
audio    D          kcm_mixer.c:127  _al_rechannel_matrix             [ 134.65813]  0.707107 0.000000
audio    D          kcm_mixer.c:127  _al_rechannel_matrix             [ 134.65814]  0.000000 0.707107
dtor     D               dtor.c:227  _al_unregister_destructor        [ 134.92693] removed dtor for ttf_font 00000000012acc00
dtor     D               dtor.c:227  _al_unregister_destructor        [ 134.92715] removed dtor for bitmap 0000000002baeb70
dtor     D               dtor.c:227  _al_unregister_destructor        [ 134.92778] removed dtor for sample 00000000012acc60
dtor     D               dtor.c:227  _al_unregister_destructor        [ 134.92996] removed dtor for sample_instance 00000000012abb30
dtor     D               dtor.c:227  _al_unregister_destructor        [ 134.92999] removed dtor for bitmap 0000000002bbb620
dtor     D               dtor.c:227  _al_unregister_destructor        [ 134.93017] removed dtor for bitmap 0000000002bbb0a0
dtor     D               dtor.c:227  _al_unregister_destructor        [ 134.93034] removed dtor for bitmap 0000000002bbb430
dtor     D               dtor.c:227  _al_unregister_destructor        [ 134.93044] removed dtor for bitmap 0000000002babf70
dtor     D               dtor.c:227  _al_unregister_destructor        [ 134.93053] removed dtor for bitmap 0000000002bac120
dtor     D               dtor.c:227  _al_unregister_destructor        [ 134.93060] removed dtor for bitmap 0000000002bac2d0
dtor     D               dtor.c:227  _al_unregister_destructor        [ 134.93070] removed dtor for bitmap 0000000002bac480
dtor     D               dtor.c:227  _al_unregister_destructor        [ 134.93077] removed dtor for sample 0000000002bba2e0
dtor     D               dtor.c:227  _al_unregister_destructor        [ 134.94536] removed dtor for queue 0000000002b93ba0
d3d      I         d3d_disp.cpp:915  d3d_destroy_display              [ 134.94545] destroying display 00000000012ad410 (current 0000000000000000)
bitmap   D        bitmap_type.c:308  _al_convert_to_memory_bitmap     [ 134.94852] converting display bitmap 0000000002bab310 to memory bitmap
dtor     D               dtor.c:196  _al_register_destructor          [ 134.94868] added dtor for bitmap 0000000002bbb0a0, func 00007ffd67fc1bea
d3d      D          d3d_bmp.cpp:539  _al_d3d_sync_bitmap              [ 134.95054] _al_d3d_sync_bitmap (system) ref count == 1
d3d      D          d3d_bmp.cpp:545  _al_d3d_sync_bitmap              [ 134.95060] _al_d3d_sync_bitmap (video) ref count == 1
dtor     D               dtor.c:227  _al_unregister_destructor        [ 134.95151] removed dtor for bitmap 0000000002bbb0a0
d3d      D         d3d_disp.cpp:899  d3d_destroy_display_internals    [ 134.95184] waiting for display 00000000012ad410's thread to end
d3d      W         d3d_disp.cpp:608  d3d_destroy_device               [ 134.96506] d3d_destroy_device: ref count not 0
d3d      I         d3d_disp.cpp:1562 d3d_display_thread_proc          [ 134.98333] d3d display thread exits
dtor     D               dtor.c:116  _al_run_destructors              [ 134.98435] calling dtor for bitmap 0000000002bab310, func 00007ffd67fc1bea
dtor     D               dtor.c:227  _al_unregister_destructor        [ 134.98441] removed dtor for bitmap 0000000002bab310
dtor     D               dtor.c:116  _al_run_destructors              [ 134.98453] calling dtor for timer 0000000002bbb250, func 00007ffd67fffb3b
dtor     D               dtor.c:227  _al_unregister_destructor        [ 134.98454] removed dtor for timer 0000000002bbb250
dtor     D               dtor.c:227  _al_unregister_destructor        [ 134.98456] removed dtor for sample_instance 00000000012a9c70
dtor     D               dtor.c:227  _al_unregister_destructor        [ 134.98458] removed dtor for sample_instance 00000000012a9d90
dtor     D               dtor.c:227  _al_unregister_destructor        [ 134.98459] removed dtor for sample_instance 00000000012aaff0
dtor     D               dtor.c:227  _al_unregister_destructor        [ 134.98460] removed dtor for sample_instance 00000000012aad00
dtor     D               dtor.c:227  _al_unregister_destructor        [ 134.98461] removed dtor for sample_instance 00000000012aae20
dtor     D               dtor.c:227  _al_unregister_destructor        [ 134.98462] removed dtor for sample_instance 0000000002b94000
dtor     D               dtor.c:227  _al_unregister_destructor        [ 134.98463] removed dtor for sample_instance 0000000002b94120
dtor     D               dtor.c:227  _al_unregister_destructor        [ 134.98464] removed dtor for sample_instance 0000000002b94240
dtor     D               dtor.c:227  _al_unregister_destructor        [ 134.98465] removed dtor for sample_instance 0000000002b94470
dtor     D               dtor.c:227  _al_unregister_destructor        [ 134.98466] removed dtor for sample_instance 0000000002b94590
dtor     D               dtor.c:227  _al_unregister_destructor        [ 134.98467] removed dtor for sample_instance 0000000002b946b0
dtor     D               dtor.c:227  _al_unregister_destructor        [ 134.98468] removed dtor for sample_instance 0000000002b94be0
dtor     D               dtor.c:227  _al_unregister_destructor        [ 134.98469] removed dtor for sample_instance 0000000002b94d00
dtor     D               dtor.c:227  _al_unregister_destructor        [ 134.98470] removed dtor for sample_instance 0000000002b94e20
dtor     D               dtor.c:227  _al_unregister_destructor        [ 134.98471] removed dtor for sample_instance 00000000012ab420
dtor     D               dtor.c:227  _al_unregister_destructor        [ 134.98472] removed dtor for sample_instance 00000000012ac310
dtor     D               dtor.c:227  _al_unregister_destructor        [ 134.98473] removed dtor for sample_instance 00000000012abfb0
dtor     D               dtor.c:227  _al_unregister_destructor        [ 134.98474] removed dtor for sample_instance 00000000012abc50
dtor     D               dtor.c:227  _al_unregister_destructor        [ 134.98475] removed dtor for sample_instance 00000000012ab7d0
dtor     D               dtor.c:227  _al_unregister_destructor        [ 134.98476] removed dtor for sample_instance 00000000012ab6b0
dtor     D               dtor.c:227  _al_unregister_destructor        [ 134.98477] removed dtor for mixer 00000000012a9a00
audio-dsound D           dsound.cpp:528  _dsound_stop_voice               [ 134.98478] Stopping voice
audio-dsound D           dsound.cpp:545  _dsound_stop_voice               [ 134.98479] Joining thread
audio-dsound D           dsound.cpp:551  _dsound_stop_voice               [ 134.98663] Joined thread
audio-dsound D           dsound.cpp:553  _dsound_stop_voice               [ 134.98667] Destroying thread
audio-dsound D           dsound.cpp:555  _dsound_stop_voice               [ 134.98668] Thread destroyed
audio-dsound D           dsound.cpp:562  _dsound_stop_voice               [ 134.98669] Releasing buffer
audio-dsound I           dsound.cpp:566  _dsound_stop_voice               [ 134.98670] Voice stopped
dtor     D               dtor.c:227  _al_unregister_destructor        [ 134.98672] removed dtor for voice 0000000002b86e50
audio-dsound D           dsound.cpp:380  _dsound_deallocate_voice         [ 134.98673] Deallocating voice
audio-dsound D           dsound.cpp:385  _dsound_deallocate_voice         [ 134.98674] Deallocated voice
audio-dsound D           dsound.cpp:296  _dsound_close                    [ 134.98675] Releasing device
audio-dsound D           dsound.cpp:298  _dsound_close                    [ 134.98867] Released device
audio-dsound I           dsound.cpp:299  _dsound_close                    [ 134.98870] DirectSound closed
